#
# A fatal error has been detected by the Java Runtime Environment:
#
#  EXCEPTION_ACCESS_VIOLATION (0xc0000005) at pc=0x000000005de814d0, pid=18668, tid=18720
#
# JRE version: Java(TM) SE Runtime Environment (8.0_91-b14) (build 1.8.0_91-b14)
# Java VM: Java HotSpot(TM) 64-Bit Server VM (25.91-b14 mixed mode windows-amd64 compressed oops)
# Problematic frame:
# V  [jvm.dll+0x4614d0]
#
# Failed to write core dump. Minidumps are not enabled by default on client versions of Windows
#
# If you would like to submit a bug report, please visit:
#   http://bugreport.java.com/bugreport/crash.jsp
#

---------------  T H R E A D  ---------------

Current thread (0x00000000058f4800):  JavaThread "C2 CompilerThread0" daemon [_thread_in_native, id=18720, stack(0x0000000006ba0000,0x0000000006ca0000)]

siginfo: ExceptionCode=0xc0000005, reading address 0x0000000000000028

Registers:
RAX=0x0000000006f05a40, RBX=0x0000000000000002, RCX=0x0000000000000000, RDX=0x0000000000000000
RSP=0x0000000006c9c330, RBP=0xffffffffffffffff, RSI=0x0000000006f563b8, RDI=0x0000000006f38ad8
R8 =0x00000000ffffffff, R9 =0x0000000000000000, R10=0x000000000000005a, R11=0x0000000000000041
R12=0x0000000006c9c740, R13=0x000000000590d928, R14=0x0000000000000008, R15=0x0000000000000001
RIP=0x000000005de814d0, EFLAGS=0x0000000000010202

Top of Stack: (sp=0x0000000006c9c330)
0x0000000006c9c330:   0000000006ef3660 0000000006eea960
0x0000000006c9c340:   00000000000003e7 ffffffffffffffff
0x0000000006c9c350:   0000000200000031 0000000006f38ad8
0x0000000006c9c360:   0000000000000040 0000000000000031
0x0000000006c9c370:   0000000000000000 0000000000000000
0x0000000006c9c380:   0000000006c9c450 00000000000003d8
0x0000000006c9c390:   0000000006e33838 0000000006e33460
0x0000000006c9c3a0:   0000000006c9c4d0 0000000000000000
0x0000000006c9c3b0:   0000000006c9c740 0000000006e33450
0x0000000006c9c3c0:   0000000006c9c850 000000005de841a4
0x0000000006c9c3d0:   0000000006c9c740 0000000006c9c400
0x0000000006c9c3e0:   00000000ffffffff 0000000000000008
0x0000000006c9c3f0:   0000000000000002 0000000006e33450
0x0000000006c9c400:   0000000006ef00f0 0000000006ef7f00
0x0000000006c9c410:   0000000006ef80d8 00000000000137b0
0x0000000006c9c420:   0000000000000002 0000000006e33840 

Instructions: (pc=0x000000005de814d0)
0x000000005de814b0:   0f 83 0c 02 00 00 49 c1 e6 03 66 0f 1f 44 00 00
0x000000005de814c0:   48 8b 46 08 49 8b 0c 06 49 8b 84 24 28 01 00 00
0x000000005de814d0:   48 63 51 28 8b 1c 90 85 db 0f 84 c0 01 00 00 45
0x000000005de814e0:   84 c9 74 11 45 3b c7 75 0c 48 8b 06 48 8b ce ff 


Register to memory mapping:

RAX=0x0000000006f05a40 is an unknown value
RBX=0x0000000000000002 is an unknown value
RCX=0x0000000000000000 is an unknown value
RDX=0x0000000000000000 is an unknown value
RSP=0x0000000006c9c330 is pointing into the stack for thread: 0x00000000058f4800
RBP=0xffffffffffffffff is an unknown value
RSI=0x0000000006f563b8 is an unknown value
RDI=0x0000000006f38ad8 is an unknown value
R8 =0x00000000ffffffff is an unallocated location in the heap
R9 =0x0000000000000000 is an unknown value
R10=0x000000000000005a is an unknown value
R11=0x0000000000000041 is an unknown value
R12=0x0000000006c9c740 is pointing into the stack for thread: 0x00000000058f4800
R13=0x000000000590d928 is an unknown value
R14=0x0000000000000008 is an unknown value
R15=0x0000000000000001 is an unknown value


Stack: [0x0000000006ba0000,0x0000000006ca0000],  sp=0x0000000006c9c330,  free space=1008k
Native frames: (J=compiled Java code, j=interpreted, Vv=VM code, C=native code)
V  [jvm.dll+0x4614d0]
V  [jvm.dll+0x4641a4]
V  [jvm.dll+0x46f55b]
V  [jvm.dll+0x471b72]
V  [jvm.dll+0x454ce2]
V  [jvm.dll+0xa4be2]
V  [jvm.dll+0xa551f]
V  [jvm.dll+0x243ae4]
V  [jvm.dll+0x29a99a]
C  [msvcr100.dll+0x21d9f]
C  [msvcr100.dll+0x21e3b]
C  [kernel32.dll+0x159cd]
C  [ntdll.dll+0x2a561]


Current CompileTask:
C2:  48497   50   !   4       SocketServer::BuildRoom (212 bytes)


---------------  P R O C E S S  ---------------

Java Threads: ( => current thread )
  0x0000000006e97000 JavaThread "User" [_thread_in_Java, id=19744, stack(0x0000000007e20000,0x0000000007f20000)]
  0x000000000219d800 JavaThread "DestroyJavaVM" [_thread_blocked, id=16820, stack(0x00000000024e0000,0x00000000025e0000)]
  0x0000000006e89800 JavaThread "SocketServer" [_thread_in_native, id=18676, stack(0x00000000075c0000,0x00000000076c0000)]
  0x0000000006e53000 JavaThread "Service Thread" daemon [_thread_blocked, id=10120, stack(0x00000000068b0000,0x00000000069b0000)]
  0x000000000590c800 JavaThread "C1 CompilerThread1" daemon [_thread_blocked, id=19220, stack(0x0000000006d20000,0x0000000006e20000)]
=>0x00000000058f4800 JavaThread "C2 CompilerThread0" daemon [_thread_in_native, id=18720, stack(0x0000000006ba0000,0x0000000006ca0000)]
  0x00000000058e8000 JavaThread "Attach Listener" daemon [_thread_blocked, id=19444, stack(0x00000000069b0000,0x0000000006ab0000)]
  0x00000000058e7000 JavaThread "Signal Dispatcher" daemon [_thread_blocked, id=10124, stack(0x0000000006230000,0x0000000006330000)]
  0x00000000058be000 JavaThread "Finalizer" daemon [_thread_blocked, id=19024, stack(0x0000000006700000,0x0000000006800000)]
  0x0000000005876800 JavaThread "Reference Handler" daemon [_thread_blocked, id=18436, stack(0x0000000006520000,0x0000000006620000)]

Other Threads:
  0x000000000586d000 VMThread [stack: 0x00000000063a0000,0x00000000064a0000] [id=18976]
  0x0000000006e6f800 WatcherThread [stack: 0x0000000007330000,0x0000000007430000] [id=19300]

VM state:not at safepoint (normal execution)

VM Mutex/Monitor currently owned by a thread: None

Heap:
 PSYoungGen      total 18944K, used 2622K [0x00000000eb200000, 0x00000000ec700000, 0x0000000100000000)
  eden space 16384K, 16% used [0x00000000eb200000,0x00000000eb48fa28,0x00000000ec200000)
  from space 2560K, 0% used [0x00000000ec480000,0x00000000ec480000,0x00000000ec700000)
  to   space 2560K, 0% used [0x00000000ec200000,0x00000000ec200000,0x00000000ec480000)
 ParOldGen       total 44032K, used 0K [0x00000000c1600000, 0x00000000c4100000, 0x00000000eb200000)
  object space 44032K, 0% used [0x00000000c1600000,0x00000000c1600000,0x00000000c4100000)
 Metaspace       used 3186K, capacity 4564K, committed 4864K, reserved 1056768K
  class space    used 357K, capacity 388K, committed 512K, reserved 1048576K

Card table byte_map: [0x00000000029a0000,0x0000000002ba0000] byte_map_base: 0x0000000002395000

Marking Bits: (ParMarkBitMap*) 0x000000005e232f70
 Begin Bits: [0x0000000002df0000, 0x0000000003d98000)
 End Bits:   [0x0000000003d98000, 0x0000000004d40000)

Polling page: 0x0000000000220000

CodeCache: size=245760Kb used=1153Kb max_used=1164Kb free=244607Kb
 bounds [0x000000000f010000, 0x000000000f280000, 0x000000001e010000]
 total_blobs=296 nmethods=49 adapters=162
 compilation: enabled

Compilation events (10 events):
Event: 3.929 Thread 0x000000000590c800 nmethod 45 0x000000000f12aed0 code [0x000000000f12b040, 0x000000000f12b368]
Event: 3.934 Thread 0x000000000590c800   46       3       java.lang.StringBuilder::toString (17 bytes)
Event: 3.934 Thread 0x000000000590c800 nmethod 46 0x000000000f12aad0 code [0x000000000f12ac40, 0x000000000f12ae28]
Event: 48.429 Thread 0x000000000590c800   47       1       java.lang.ThreadLocal::access$400 (5 bytes)
Event: 48.429 Thread 0x000000000590c800 nmethod 47 0x000000000f12a810 code [0x000000000f12a960, 0x000000000f12aa50]
Event: 48.430 Thread 0x000000000590c800   48 % !   3       SocketServer::BuildRoom @ 103 (212 bytes)
Event: 48.435 Thread 0x000000000590c800 nmethod 48% 0x000000000f12d2d0 code [0x000000000f12d7a0, 0x000000000f130828]
Event: 48.435 Thread 0x00000000058f4800   49 % !   4       SocketServer::BuildRoom @ 103 (212 bytes)
Event: 48.438 Thread 0x00000000058f4800 nmethod 49% 0x000000000f128e50 code [0x000000000f128fa0, 0x000000000f1291d8]
Event: 48.438 Thread 0x00000000058f4800   50   !   4       SocketServer::BuildRoom (212 bytes)

GC Heap History (0 events):
No events

Deoptimization events (0 events):
No events

Internal exceptions (4 events):
Event: 0.056 Thread 0x000000000219d800 Exception <a 'java/lang/NoSuchMethodError': Method sun.misc.Unsafe.defineClass(Ljava/lang/String;[BII)Ljava/lang/Class; name or signature does not match> (0x00000000eb207cc0) thrown at [C:\re\workspace\8-2-build-windows-amd64-cygwin\jdk8u91\6644\hotspot\sr›³WÐ3}¬?
Event: 0.056 Thread 0x000000000219d800 Exception <a 'java/lang/NoSuchMethodError': Method sun.misc.Unsafe.prefetchRead(Ljava/lang/Object;J)V name or signature does not match> (0x00000000eb207fa8) thrown at [C:\re\workspace\8-2-build-windows-amd64-cygwin\jdk8u91\6644\hotspot\src\share\vm\prims\j¬u'ûîv@
Event: 3.933 Thread 0x0000000006e97000 Exception <a 'java/lang/ArrayIndexOutOfBoundsException'> (0x00000000eb3f4698) thrown at [C:\re\workspace\8-2-build-windows-amd64-cygwin\jdk8u91\6644\hotspot\src\share\vm\oops\typeArrayKlass.cpp, line 140]
Event: 48.428 Thread 0x0000000006e97000 Exception <a 'java/lang/ArrayIndexOutOfBoundsException'> (0x00000000eb43ed48) thrown at [C:\re\workspace\8-2-build-windows-amd64-cygwin\jdk8u91\6644\hotspot\src\share\vm\oops\typeArrayKlass.cpp, line 145]

Events (10 events):
Event: 3.933 loading class sun/net/ResourceManager
Event: 3.933 loading class sun/net/ResourceManager done
Event: 3.936 Thread 0x0000000006e97000 Thread exited: 0x0000000006e97000
Event: 4.239 Executing VM operation: EnableBiasedLocking
Event: 4.239 Executing VM operation: EnableBiasedLocking done
Event: 33.123 loading class java/util/LinkedList$Node
Event: 33.123 loading class java/util/LinkedList$Node done
Event: 48.415 Thread 0x0000000006e97000 Thread added: 0x0000000006e97000
Event: 48.438 Thread 0x0000000006e97000 DEOPT PACKING pc=0x000000000f130211 sp=0x0000000007f1f0e0
Event: 48.438 Thread 0x0000000006e97000 DEOPT UNPACKING pc=0x000000000f05747f sp=0x0000000007f1ef58 mode 0


Dynamic libraries:
0x000000013f530000 - 0x000000013f567000 	C:\ProgramData\Oracle\Java\javapath\java.exe
0x0000000077120000 - 0x00000000772ca000 	C:\windows\SYSTEM32\ntdll.dll
0x0000000077000000 - 0x000000007711f000 	C:\windows\system32\kernel32.dll
0x000007fefd3e0000 - 0x000007fefd44a000 	C:\windows\system32\KERNELBASE.dll
0x000007fefefc0000 - 0x000007feff09b000 	C:\windows\system32\ADVAPI32.dll
0x000007feff280000 - 0x000007feff31f000 	C:\windows\system32\msvcrt.dll
0x000007fefe870000 - 0x000007fefe88f000 	C:\windows\SYSTEM32\sechost.dll
0x000007fefebd0000 - 0x000007fefecfd000 	C:\windows\system32\RPCRT4.dll
0x0000000076f00000 - 0x0000000076ffa000 	C:\windows\system32\USER32.dll
0x000007fefea90000 - 0x000007fefeaf7000 	C:\windows\system32\GDI32.dll
0x000007fefe890000 - 0x000007fefe89e000 	C:\windows\system32\LPK.dll
0x000007fefe3e0000 - 0x000007fefe4aa000 	C:\windows\system32\USP10.dll
0x000007fefbb30000 - 0x000007fefbd24000 	C:\windows\WinSxS\amd64_microsoft.windows.common-controls_6595b64144ccf1df_6.0.7601.17514_none_fa396087175ac9ac\COMCTL32.dll
0x000007fefd5d0000 - 0x000007fefd641000 	C:\windows\system32\SHLWAPI.dll
0x000007fefeb00000 - 0x000007fefeb2e000 	C:\windows\system32\IMM32.DLL
0x000007feff320000 - 0x000007feff429000 	C:\windows\system32\MSCTF.dll
0x000007fefd040000 - 0x000007fefd071000 	C:\windows\system32\nvinitx.dll
0x000007fefd030000 - 0x000007fefd03c000 	C:\windows\system32\VERSION.dll
0x000000000f000000 - 0x000000000f006000 	C:\Program Files\NVIDIA Corporation\CoProcManager\detoured.dll
0x000007fefae80000 - 0x000007fefaeb1000 	C:\Program Files\NVIDIA Corporation\CoProcManager\nvd3d9wrapx.dll
0x000007feff0a0000 - 0x000007feff277000 	C:\windows\system32\SETUPAPI.dll
0x000007fefd3a0000 - 0x000007fefd3d6000 	C:\windows\system32\CFGMGR32.dll
0x000007fefe710000 - 0x000007fefe7e7000 	C:\windows\system32\OLEAUT32.dll
0x000007fefe4c0000 - 0x000007fefe6bc000 	C:\windows\system32\ole32.dll
0x000007fefd130000 - 0x000007fefd14a000 	C:\windows\system32\DEVOBJ.dll
0x000007fefae40000 - 0x000007fefae62000 	C:\Program Files\NVIDIA Corporation\CoProcManager\nvdxgiwrapx.dll
0x000000005cbe0000 - 0x000000005ccb2000 	C:\Program Files\Java\jre1.8.0_91\bin\msvcr100.dll
0x000000005da20000 - 0x000000005e2b3000 	C:\Program Files\Java\jre1.8.0_91\bin\server\jvm.dll
0x000007fef9860000 - 0x000007fef9869000 	C:\windows\system32\WSOCK32.dll
0x000007fefe6c0000 - 0x000007fefe70d000 	C:\windows\system32\WS2_32.dll
0x000007fefe4b0000 - 0x000007fefe4b8000 	C:\windows\system32\NSI.dll
0x000007fefafd0000 - 0x000007fefb00b000 	C:\windows\system32\WINMM.dll
0x00000000772f0000 - 0x00000000772f7000 	C:\windows\system32\PSAPI.DLL
0x00000000696d0000 - 0x00000000696df000 	C:\Program Files\Java\jre1.8.0_91\bin\verify.dll
0x0000000069ba0000 - 0x0000000069bc9000 	C:\Program Files\Java\jre1.8.0_91\bin\java.dll
0x0000000069b80000 - 0x0000000069b96000 	C:\Program Files\Java\jre1.8.0_91\bin\zip.dll
0x000007fefd650000 - 0x000007fefe3d9000 	C:\windows\system32\SHELL32.dll
0x000007fefd080000 - 0x000007fefd08f000 	C:\windows\system32\profapi.dll
0x0000000069a20000 - 0x0000000069a3a000 	C:\Program Files\Java\jre1.8.0_91\bin\net.dll
0x000007fefc860000 - 0x000007fefc8b5000 	C:\windows\system32\mswsock.dll
0x000007fefc850000 - 0x000007fefc857000 	C:\windows\System32\wship6.dll
0x000007fefb140000 - 0x000007fefb155000 	C:\windows\system32\NLAapi.dll
0x000007fef67a0000 - 0x000007fef67b5000 	C:\windows\system32\napinsp.dll
0x000007fef6780000 - 0x000007fef6799000 	C:\windows\system32\pnrpnsp.dll
0x000007fefc6e0000 - 0x000007fefc73b000 	C:\windows\system32\DNSAPI.dll
0x000007fef6770000 - 0x000007fef677b000 	C:\windows\System32\winrnr.dll
0x000007fef6760000 - 0x000007fef6770000 	C:\windows\system32\wshbth.dll
0x000000006e2f0000 - 0x000000006e31e000 	C:\Program Files\Common Files\Microsoft Shared\Windows Live\WLIDNSP.DLL
0x000007fefc0e0000 - 0x000007fefc0e7000 	C:\windows\System32\wshtcpip.dll
0x000007fefaee0000 - 0x000007fefaf07000 	C:\windows\system32\IPHLPAPI.DLL
0x000007fefaed0000 - 0x000007fefaedb000 	C:\windows\system32\WINNSI.DLL
0x000007fef7160000 - 0x000007fef7168000 	C:\windows\system32\rasadhlp.dll
0x000007fefac10000 - 0x000007fefac63000 	C:\windows\System32\fwpuclnt.dll
0x000007fee9f90000 - 0x000007feea0b5000 	C:\windows\system32\dbghelp.dll

VM Arguments:
java_command: Server.jar
java_class_path (initial): Server.jar
Launcher Type: SUN_STANDARD

Environment Variables:
JAVA_HOME=C:\Java\jdk1.8.0_91
PATH=C:\ProgramData\Oracle\Java\javapath;C:\Program Files\Common Files\Microsoft Shared\Windows Live;C:\windows\system32;C:\windows;C:\windows\System32\Wbem;C:\windows\System32\WindowsPowerShell\v1.0\;C:\Program Files (x86)\NVIDIA Corporation\PhysX\Common\;C:\Java\jdk1.8.0_91\bin;C:\pp\Python35-32;C:\Program Files (x86)\GtkSharp\2.12\bin;C:\Program Files\Microsoft SQL Server\130\Tools\Binn\;C:\Program Files\Common Files\Autodesk Shared\;C:\Program Files\Git\cmd;C:\Program Files\MySQL\MySQL Utilities 1.6\;C:\Users\dell\AppData\Local\Programs\Python\Python35-32\Scripts\;C:\Users\dell\AppData\Local\Programs\Python\Python35-32\;C:\Program Files\Common Files\Microsoft Shared\Windows Live
USERNAME=dell
OS=Windows_NT
PROCESSOR_IDENTIFIER=Intel64 Family 6 Model 61 Stepping 4, GenuineIntel



---------------  S Y S T E M  ---------------

OS: Windows 7 , 64 bit Build 7601 (6.1.7601.23714)

CPU:total 2 (2 cores per cpu, 1 threads per core) family 6 model 61 stepping 4, cmov, cx8, fxsr, mmx, sse, sse2, sse3, ssse3, sse4.1, sse4.2, popcnt, clmul, erms, 3dnowpref, lzcnt, tsc, tscinvbit

Memory: 4k page, physical 4103780k(937092k free), swap 8205700k(3768312k free)

vm_info: Java HotSpot(TM) 64-Bit Server VM (25.91-b14) for windows-amd64 JRE (1.8.0_91-b14), built on Apr  1 2016 00:58:32 by "java_re" with MS VC++ 10.0 (VS2010)

time: Tue Jul 03 11:08:05 2018
elapsed time: 48 seconds (0d 0h 0m 48s)

