#
# A fatal error has been detected by the Java Runtime Environment:
#
#  EXCEPTION_ACCESS_VIOLATION (0xc0000005) at pc=0x000000005de814d0, pid=19892, tid=19940
#
# JRE version: Java(TM) SE Runtime Environment (8.0_91-b14) (build 1.8.0_91-b14)
# Java VM: Java HotSpot(TM) 64-Bit Server VM (25.91-b14 mixed mode windows-amd64 compressed oops)
# Problematic frame:
# V  [jvm.dll+0x4614d0]
#
# Failed to write core dump. Minidumps are not enabled by default on client versions of Windows
#
# If you would like to submit a bug report, please visit:
#   http://bugreport.java.com/bugreport/crash.jsp
#

---------------  T H R E A D  ---------------

Current thread (0x00000000059a5000):  JavaThread "C2 CompilerThread0" daemon [_thread_in_native, id=19940, stack(0x0000000006990000,0x0000000006a90000)]

siginfo: ExceptionCode=0xc0000005, reading address 0x0000000000000028

Registers:
RAX=0x0000000006c53340, RBX=0x0000000000000002, RCX=0x0000000000000000, RDX=0x0000000000000000
RSP=0x0000000006a8c1f0, RBP=0xffffffffffffffff, RSI=0x0000000006cf79d8, RDI=0x0000000006bfe518
R8 =0x00000000ffffffff, R9 =0x0000000000000000, R10=0x000000000000005a, R11=0x0000000000000041
R12=0x0000000006a8c600, R13=0x00000000059d4018, R14=0x0000000000000008, R15=0x0000000000000001
RIP=0x000000005de814d0, EFLAGS=0x0000000000010202

Top of Stack: (sp=0x0000000006a8c1f0)
0x0000000006a8c1f0:   0000000006c931f0 0000000006bef690
0x0000000006a8c200:   00000000000003e7 ffffffffffffffff
0x0000000006a8c210:   0000000200000031 0000000006bfe518
0x0000000006a8c220:   0000000000000040 0000000000000031
0x0000000006a8c230:   0000000000000000 0000000000000000
0x0000000006a8c240:   0000000006a8c310 00000000000003d8
0x0000000006a8c250:   0000000006bf1008 0000000006bf0c30
0x0000000006a8c260:   0000000006a8c390 0000000000000000
0x0000000006a8c270:   0000000006a8c600 0000000006bf0c20
0x0000000006a8c280:   0000000006a8c710 000000005de841a4
0x0000000006a8c290:   0000000006a8c600 0000000006a8c300
0x0000000006a8c2a0:   00000000ffffffff 0000000000000008
0x0000000006a8c2b0:   0000000000000002 0000000006bf0c20
0x0000000006a8c2c0:   0000000006c8fc80 0000000006c97a90
0x0000000006a8c2d0:   0000000006c97c68 00000000000137b0
0x0000000006a8c2e0:   0000000000000002 0000000006bf1010 

Instructions: (pc=0x000000005de814d0)
0x000000005de814b0:   0f 83 0c 02 00 00 49 c1 e6 03 66 0f 1f 44 00 00
0x000000005de814c0:   48 8b 46 08 49 8b 0c 06 49 8b 84 24 28 01 00 00
0x000000005de814d0:   48 63 51 28 8b 1c 90 85 db 0f 84 c0 01 00 00 45
0x000000005de814e0:   84 c9 74 11 45 3b c7 75 0c 48 8b 06 48 8b ce ff 


Register to memory mapping:

RAX=0x0000000006c53340 is an unknown value
RBX=0x0000000000000002 is an unknown value
RCX=0x0000000000000000 is an unknown value
RDX=0x0000000000000000 is an unknown value
RSP=0x0000000006a8c1f0 is pointing into the stack for thread: 0x00000000059a5000
RBP=0xffffffffffffffff is an unknown value
RSI=0x0000000006cf79d8 is an unknown value
RDI=0x0000000006bfe518 is an unknown value
R8 =0x00000000ffffffff is an unallocated location in the heap
R9 =0x0000000000000000 is an unknown value
R10=0x000000000000005a is an unknown value
R11=0x0000000000000041 is an unknown value
R12=0x0000000006a8c600 is pointing into the stack for thread: 0x00000000059a5000
R13=0x00000000059d4018 is an unknown value
R14=0x0000000000000008 is an unknown value
R15=0x0000000000000001 is an unknown value


Stack: [0x0000000006990000,0x0000000006a90000],  sp=0x0000000006a8c1f0,  free space=1008k
Native frames: (J=compiled Java code, j=interpreted, Vv=VM code, C=native code)
V  [jvm.dll+0x4614d0]
V  [jvm.dll+0x4641a4]
V  [jvm.dll+0x46f55b]
V  [jvm.dll+0x471b72]
V  [jvm.dll+0x454ce2]
V  [jvm.dll+0xa4be2]
V  [jvm.dll+0xa551f]
V  [jvm.dll+0x243ae4]
V  [jvm.dll+0x29a99a]
C  [msvcr100.dll+0x21d9f]
C  [msvcr100.dll+0x21e3b]
C  [kernel32.dll+0x159cd]
C  [ntdll.dll+0x2a561]


Current CompileTask:
C2:   3819   44   !   4       SocketServer::BuildRoom (212 bytes)


---------------  P R O C E S S  ---------------

Java Threads: ( => current thread )
  0x0000000006c66800 JavaThread "User" [_thread_in_Java, id=20060, stack(0x0000000007a30000,0x0000000007b30000)]
  0x000000000024d800 JavaThread "DestroyJavaVM" [_thread_blocked, id=19904, stack(0x0000000002380000,0x0000000002480000)]
  0x0000000006c49800 JavaThread "SocketServer" [_thread_in_native, id=19960, stack(0x0000000007350000,0x0000000007450000)]
  0x0000000006c10000 JavaThread "Service Thread" daemon [_thread_blocked, id=19948, stack(0x0000000007120000,0x0000000007220000)]
  0x00000000059bf000 JavaThread "C1 CompilerThread1" daemon [_thread_blocked, id=19944, stack(0x0000000006ac0000,0x0000000006bc0000)]
=>0x00000000059a5000 JavaThread "C2 CompilerThread0" daemon [_thread_in_native, id=19940, stack(0x0000000006990000,0x0000000006a90000)]
  0x00000000059a0800 JavaThread "Attach Listener" daemon [_thread_blocked, id=19936, stack(0x0000000006860000,0x0000000006960000)]
  0x0000000005981000 JavaThread "Signal Dispatcher" daemon [_thread_blocked, id=19932, stack(0x0000000006730000,0x0000000006830000)]
  0x000000000596e000 JavaThread "Finalizer" daemon [_thread_blocked, id=19928, stack(0x00000000064a0000,0x00000000065a0000)]
  0x0000000005926800 JavaThread "Reference Handler" daemon [_thread_blocked, id=19924, stack(0x0000000006600000,0x0000000006700000)]

Other Threads:
  0x000000000591d000 VMThread [stack: 0x0000000006320000,0x0000000006420000] [id=19920]
  0x0000000006c32000 WatcherThread [stack: 0x0000000007000000,0x0000000007100000] [id=19952]

VM state:not at safepoint (normal execution)

VM Mutex/Monitor currently owned by a thread: None

Heap:
 PSYoungGen      total 18944K, used 2294K [0x00000000eb200000, 0x00000000ec700000, 0x0000000100000000)
  eden space 16384K, 14% used [0x00000000eb200000,0x00000000eb43dab0,0x00000000ec200000)
  from space 2560K, 0% used [0x00000000ec480000,0x00000000ec480000,0x00000000ec700000)
  to   space 2560K, 0% used [0x00000000ec200000,0x00000000ec200000,0x00000000ec480000)
 ParOldGen       total 44032K, used 0K [0x00000000c1600000, 0x00000000c4100000, 0x00000000eb200000)
  object space 44032K, 0% used [0x00000000c1600000,0x00000000c1600000,0x00000000c4100000)
 Metaspace       used 3181K, capacity 4564K, committed 4864K, reserved 1056768K
  class space    used 356K, capacity 388K, committed 512K, reserved 1048576K

Card table byte_map: [0x0000000002840000,0x0000000002a40000] byte_map_base: 0x0000000002235000

Marking Bits: (ParMarkBitMap*) 0x000000005e232f70
 Begin Bits: [0x0000000002ea0000, 0x0000000003e48000)
 End Bits:   [0x0000000003e48000, 0x0000000004df0000)

Polling page: 0x0000000000220000

CodeCache: size=245760Kb used=1148Kb max_used=1159Kb free=244611Kb
 bounds [0x000000000f010000, 0x000000000f280000, 0x000000001e010000]
 total_blobs=290 nmethods=43 adapters=162
 compilation: enabled

Compilation events (10 events):
Event: 3.676 Thread 0x00000000059bf000 nmethod 38 0x000000000f129ed0 code [0x000000000f12a040, 0x000000000f12a370]
Event: 3.698 Thread 0x00000000059bf000   39       3       java.lang.String::startsWith (7 bytes)
Event: 3.698 Thread 0x00000000059bf000 nmethod 39 0x000000000f129ad0 code [0x000000000f129c40, 0x000000000f129e48]
Event: 3.733 Thread 0x00000000059bf000   40       3       java.util.concurrent.ConcurrentHashMap::tabAt (21 bytes)
Event: 3.734 Thread 0x00000000059bf000 nmethod 40 0x000000000f129310 code [0x000000000f129460, 0x000000000f129690]
Event: 3.738 Thread 0x00000000059bf000   42 % !   3       SocketServer::BuildRoom @ 103 (212 bytes)
Event: 3.742 Thread 0x00000000059bf000 nmethod 42% 0x000000000f12ae50 code [0x000000000f12b320, 0x000000000f12e3a8]
Event: 3.742 Thread 0x00000000059a5000   43 % !   4       SocketServer::BuildRoom @ 103 (212 bytes)
Event: 3.746 Thread 0x00000000059a5000 nmethod 43% 0x000000000f131e10 code [0x000000000f131f60, 0x000000000f132198]
Event: 3.746 Thread 0x00000000059a5000   44   !   4       SocketServer::BuildRoom (212 bytes)

GC Heap History (0 events):
No events

Deoptimization events (0 events):
No events

Internal exceptions (3 events):
Event: 0.061 Thread 0x000000000024d800 Exception <a 'java/lang/NoSuchMethodError': Method sun.misc.Unsafe.defineClass(Ljava/lang/String;[BII)Ljava/lang/Class; name or signature does not match> (0x00000000eb207cc0) thrown at [C:\re\workspace\8-2-build-windows-amd64-cygwin\jdk8u91\6644\hotspot\srŸÝ]Gˆ¯?
Event: 0.062 Thread 0x000000000024d800 Exception <a 'java/lang/NoSuchMethodError': Method sun.misc.Unsafe.prefetchRead(Ljava/lang/Object;J)V name or signature does not match> (0x00000000eb207fa8) thrown at [C:\re\workspace\8-2-build-windows-amd64-cygwin\jdk8u91\6644\hotspot\src\share\vm\prims\j¡¦æ@
Event: 3.738 Thread 0x0000000006c66800 Exception <a 'java/lang/ArrayIndexOutOfBoundsException'> (0x00000000eb3f2e20) thrown at [C:\re\workspace\8-2-build-windows-amd64-cygwin\jdk8u91\6644\hotspot\src\share\vm\oops\typeArrayKlass.cpp, line 145]

Events (10 events):
Event: 3.466 loading class java/net/SocketInputStream
Event: 3.466 loading class java/net/SocketInputStream done
Event: 3.676 loading class SendTool
Event: 3.676 loading class SendTool done
Event: 3.697 loading class Room
Event: 3.697 loading class Room done
Event: 3.737 loading class java/lang/ArrayIndexOutOfBoundsException
Event: 3.737 loading class java/lang/IndexOutOfBoundsException
Event: 3.738 loading class java/lang/IndexOutOfBoundsException done
Event: 3.738 loading class java/lang/ArrayIndexOutOfBoundsException done


Dynamic libraries:
0x000000013f7a0000 - 0x000000013f7d7000 	C:\ProgramData\Oracle\Java\javapath\java.exe
0x0000000077120000 - 0x00000000772ca000 	C:\windows\SYSTEM32\ntdll.dll
0x0000000077000000 - 0x000000007711f000 	C:\windows\system32\kernel32.dll
0x000007fefd3e0000 - 0x000007fefd44a000 	C:\windows\system32\KERNELBASE.dll
0x000007fefefc0000 - 0x000007feff09b000 	C:\windows\system32\ADVAPI32.dll
0x000007feff280000 - 0x000007feff31f000 	C:\windows\system32\msvcrt.dll
0x000007fefe870000 - 0x000007fefe88f000 	C:\windows\SYSTEM32\sechost.dll
0x000007fefebd0000 - 0x000007fefecfd000 	C:\windows\system32\RPCRT4.dll
0x0000000076f00000 - 0x0000000076ffa000 	C:\windows\system32\USER32.dll
0x000007fefea90000 - 0x000007fefeaf7000 	C:\windows\system32\GDI32.dll
0x000007fefe890000 - 0x000007fefe89e000 	C:\windows\system32\LPK.dll
0x000007fefe3e0000 - 0x000007fefe4aa000 	C:\windows\system32\USP10.dll
0x000007fefbb30000 - 0x000007fefbd24000 	C:\windows\WinSxS\amd64_microsoft.windows.common-controls_6595b64144ccf1df_6.0.7601.17514_none_fa396087175ac9ac\COMCTL32.dll
0x000007fefd5d0000 - 0x000007fefd641000 	C:\windows\system32\SHLWAPI.dll
0x000007fefeb00000 - 0x000007fefeb2e000 	C:\windows\system32\IMM32.DLL
0x000007feff320000 - 0x000007feff429000 	C:\windows\system32\MSCTF.dll
0x000007fefd040000 - 0x000007fefd071000 	C:\windows\system32\nvinitx.dll
0x000007fefd030000 - 0x000007fefd03c000 	C:\windows\system32\VERSION.dll
0x000000000f000000 - 0x000000000f006000 	C:\Program Files\NVIDIA Corporation\CoProcManager\detoured.dll
0x000007fefae80000 - 0x000007fefaeb1000 	C:\Program Files\NVIDIA Corporation\CoProcManager\nvd3d9wrapx.dll
0x000007feff0a0000 - 0x000007feff277000 	C:\windows\system32\SETUPAPI.dll
0x000007fefd3a0000 - 0x000007fefd3d6000 	C:\windows\system32\CFGMGR32.dll
0x000007fefe710000 - 0x000007fefe7e7000 	C:\windows\system32\OLEAUT32.dll
0x000007fefe4c0000 - 0x000007fefe6bc000 	C:\windows\system32\ole32.dll
0x000007fefd130000 - 0x000007fefd14a000 	C:\windows\system32\DEVOBJ.dll
0x000007fefae40000 - 0x000007fefae62000 	C:\Program Files\NVIDIA Corporation\CoProcManager\nvdxgiwrapx.dll
0x000000005ccc0000 - 0x000000005cd92000 	C:\Program Files\Java\jre1.8.0_91\bin\msvcr100.dll
0x000000005da20000 - 0x000000005e2b3000 	C:\Program Files\Java\jre1.8.0_91\bin\server\jvm.dll
0x000007fef9860000 - 0x000007fef9869000 	C:\windows\system32\WSOCK32.dll
0x000007fefe6c0000 - 0x000007fefe70d000 	C:\windows\system32\WS2_32.dll
0x000007fefe4b0000 - 0x000007fefe4b8000 	C:\windows\system32\NSI.dll
0x000007fefafd0000 - 0x000007fefb00b000 	C:\windows\system32\WINMM.dll
0x00000000772f0000 - 0x00000000772f7000 	C:\windows\system32\PSAPI.DLL
0x00000000696d0000 - 0x00000000696df000 	C:\Program Files\Java\jre1.8.0_91\bin\verify.dll
0x0000000069ba0000 - 0x0000000069bc9000 	C:\Program Files\Java\jre1.8.0_91\bin\java.dll
0x0000000069b80000 - 0x0000000069b96000 	C:\Program Files\Java\jre1.8.0_91\bin\zip.dll
0x000007fefd650000 - 0x000007fefe3d9000 	C:\windows\system32\SHELL32.dll
0x000007fefd080000 - 0x000007fefd08f000 	C:\windows\system32\profapi.dll
0x0000000069a20000 - 0x0000000069a3a000 	C:\Program Files\Java\jre1.8.0_91\bin\net.dll
0x000007fefc860000 - 0x000007fefc8b5000 	C:\windows\system32\mswsock.dll
0x000007fefc850000 - 0x000007fefc857000 	C:\windows\System32\wship6.dll
0x000007fefb140000 - 0x000007fefb155000 	C:\windows\system32\NLAapi.dll
0x000007fef67a0000 - 0x000007fef67b5000 	C:\windows\system32\napinsp.dll
0x000007fef6780000 - 0x000007fef6799000 	C:\windows\system32\pnrpnsp.dll
0x000007fefc6e0000 - 0x000007fefc73b000 	C:\windows\system32\DNSAPI.dll
0x000007fef6770000 - 0x000007fef677b000 	C:\windows\System32\winrnr.dll
0x000007fef6760000 - 0x000007fef6770000 	C:\windows\system32\wshbth.dll
0x000000006e2f0000 - 0x000000006e31e000 	C:\Program Files\Common Files\Microsoft Shared\Windows Live\WLIDNSP.DLL
0x000007fefc0e0000 - 0x000007fefc0e7000 	C:\windows\System32\wshtcpip.dll
0x000007fefaee0000 - 0x000007fefaf07000 	C:\windows\system32\IPHLPAPI.DLL
0x000007fefaed0000 - 0x000007fefaedb000 	C:\windows\system32\WINNSI.DLL
0x000007fef7160000 - 0x000007fef7168000 	C:\windows\system32\rasadhlp.dll
0x000007fefac10000 - 0x000007fefac63000 	C:\windows\System32\fwpuclnt.dll
0x000007fee9f90000 - 0x000007feea0b5000 	C:\windows\system32\dbghelp.dll

VM Arguments:
java_command: Server.jar
java_class_path (initial): Server.jar
Launcher Type: SUN_STANDARD

Environment Variables:
JAVA_HOME=C:\Java\jdk1.8.0_91
PATH=C:\ProgramData\Oracle\Java\javapath;C:\Program Files\Common Files\Microsoft Shared\Windows Live;C:\windows\system32;C:\windows;C:\windows\System32\Wbem;C:\windows\System32\WindowsPowerShell\v1.0\;C:\Program Files (x86)\NVIDIA Corporation\PhysX\Common\;C:\Java\jdk1.8.0_91\bin;C:\pp\Python35-32;C:\Program Files (x86)\GtkSharp\2.12\bin;C:\Program Files\Microsoft SQL Server\130\Tools\Binn\;C:\Program Files\Common Files\Autodesk Shared\;C:\Program Files\Git\cmd;C:\Program Files\MySQL\MySQL Utilities 1.6\;C:\Users\dell\AppData\Local\Programs\Python\Python35-32\Scripts\;C:\Users\dell\AppData\Local\Programs\Python\Python35-32\;C:\Program Files\Common Files\Microsoft Shared\Windows Live
USERNAME=dell
OS=Windows_NT
PROCESSOR_IDENTIFIER=Intel64 Family 6 Model 61 Stepping 4, GenuineIntel



---------------  S Y S T E M  ---------------

OS: Windows 7 , 64 bit Build 7601 (6.1.7601.23714)

CPU:total 2 (2 cores per cpu, 1 threads per core) family 6 model 61 stepping 4, cmov, cx8, fxsr, mmx, sse, sse2, sse3, ssse3, sse4.1, sse4.2, popcnt, clmul, erms, 3dnowpref, lzcnt, tsc, tscinvbit

Memory: 4k page, physical 4103780k(929232k free), swap 8205700k(3759048k free)

vm_info: Java HotSpot(TM) 64-Bit Server VM (25.91-b14) for windows-amd64 JRE (1.8.0_91-b14), built on Apr  1 2016 00:58:32 by "java_re" with MS VC++ 10.0 (VS2010)

time: Tue Jul 03 11:08:33 2018
elapsed time: 3 seconds (0d 0h 0m 3s)

