#
# A fatal error has been detected by the Java Runtime Environment:
#
#  EXCEPTION_ACCESS_VIOLATION (0xc0000005) at pc=0x000000005ef714d0, pid=8072, tid=6084
#
# JRE version: Java(TM) SE Runtime Environment (8.0_91-b14) (build 1.8.0_91-b14)
# Java VM: Java HotSpot(TM) 64-Bit Server VM (25.91-b14 mixed mode windows-amd64 compressed oops)
# Problematic frame:
# V  [jvm.dll+0x4614d0]
#
# Failed to write core dump. Minidumps are not enabled by default on client versions of Windows
#
# If you would like to submit a bug report, please visit:
#   http://bugreport.java.com/bugreport/crash.jsp
#

---------------  T H R E A D  ---------------

Current thread (0x0000000005a35000):  JavaThread "C2 CompilerThread0" daemon [_thread_in_native, id=6084, stack(0x0000000006c20000,0x0000000006d20000)]

siginfo: ExceptionCode=0xc0000005, reading address 0x0000000000000028

Registers:
RAX=0x0000000006eff480, RBX=0x0000000000000002, RCX=0x0000000000000000, RDX=0x0000000000000000
RSP=0x0000000006d1c0e0, RBP=0xffffffffffffffff, RSI=0x0000000006f65858, RDI=0x0000000006f47f78
R8 =0x00000000ffffffff, R9 =0x0000000000000000, R10=0x000000000000005a, R11=0x0000000000000041
R12=0x0000000006d1c4f0, R13=0x0000000005a62ba8, R14=0x0000000000000008, R15=0x0000000000000001
RIP=0x000000005ef714d0, EFLAGS=0x0000000000010202

Top of Stack: (sp=0x0000000006d1c0e0)
0x0000000006d1c0e0:   0000000006ec8b00 0000000006ec4c00
0x0000000006d1c0f0:   00000000000003e7 ffffffffffffffff
0x0000000006d1c100:   0000000200000031 0000000006f47f78
0x0000000006d1c110:   0000000000000040 0000000000000031
0x0000000006d1c120:   0000000000000000 0000000000000000
0x0000000006d1c130:   0000000006d1c200 00000000000003d8
0x0000000006d1c140:   0000000006e53bd8 0000000006e53800
0x0000000006d1c150:   0000000006d1c280 0000000000000000
0x0000000006d1c160:   0000000006d1c4f0 0000000006e537f0
0x0000000006d1c170:   0000000006d1c600 000000005ef741a4
0x0000000006d1c180:   0000000006d1c4f0 0000000006d1c200
0x0000000006d1c190:   00000000ffffffff 0000000000000008
0x0000000006d1c1a0:   0000000000000002 0000000006e537f0
0x0000000006d1c1b0:   0000000006ec5590 0000000006ecd3a0
0x0000000006d1c1c0:   0000000006ecd578 00000000000137b0
0x0000000006d1c1d0:   0000000000000002 0000000006e53be0 

Instructions: (pc=0x000000005ef714d0)
0x000000005ef714b0:   0f 83 0c 02 00 00 49 c1 e6 03 66 0f 1f 44 00 00
0x000000005ef714c0:   48 8b 46 08 49 8b 0c 06 49 8b 84 24 28 01 00 00
0x000000005ef714d0:   48 63 51 28 8b 1c 90 85 db 0f 84 c0 01 00 00 45
0x000000005ef714e0:   84 c9 74 11 45 3b c7 75 0c 48 8b 06 48 8b ce ff 


Register to memory mapping:

RAX=0x0000000006eff480 is an unknown value
RBX=0x0000000000000002 is an unknown value
RCX=0x0000000000000000 is an unknown value
RDX=0x0000000000000000 is an unknown value
RSP=0x0000000006d1c0e0 is pointing into the stack for thread: 0x0000000005a35000
RBP=0xffffffffffffffff is an unknown value
RSI=0x0000000006f65858 is an unknown value
RDI=0x0000000006f47f78 is an unknown value
R8 =0x00000000ffffffff is an unallocated location in the heap
R9 =0x0000000000000000 is an unknown value
R10=0x000000000000005a is an unknown value
R11=0x0000000000000041 is an unknown value
R12=0x0000000006d1c4f0 is pointing into the stack for thread: 0x0000000005a35000
R13=0x0000000005a62ba8 is an unknown value
R14=0x0000000000000008 is an unknown value
R15=0x0000000000000001 is an unknown value


Stack: [0x0000000006c20000,0x0000000006d20000],  sp=0x0000000006d1c0e0,  free space=1008k
Native frames: (J=compiled Java code, j=interpreted, Vv=VM code, C=native code)
V  [jvm.dll+0x4614d0]
V  [jvm.dll+0x4641a4]
V  [jvm.dll+0x46f55b]
V  [jvm.dll+0x471b72]
V  [jvm.dll+0x454ce2]
V  [jvm.dll+0xa4be2]
V  [jvm.dll+0xa551f]
V  [jvm.dll+0x243ae4]
V  [jvm.dll+0x29a99a]
C  [msvcr100.dll+0x21d9f]
C  [msvcr100.dll+0x21e3b]
C  [kernel32.dll+0x159cd]
C  [ntdll.dll+0x2a561]


Current CompileTask:
C2:   5300   41   !   4       SocketServer::BuildRoom (212 bytes)


---------------  P R O C E S S  ---------------

Java Threads: ( => current thread )
  0x0000000006ed5800 JavaThread "User" [_thread_in_Java, id=7424, stack(0x0000000007d40000,0x0000000007e40000)]
  0x000000000220d800 JavaThread "DestroyJavaVM" [_thread_blocked, id=6312, stack(0x0000000002510000,0x0000000002610000)]
  0x0000000006e91800 JavaThread "SocketServer" [_thread_in_native, id=3136, stack(0x0000000007590000,0x0000000007690000)]
  0x0000000006e52800 JavaThread "Service Thread" daemon [_thread_blocked, id=2608, stack(0x0000000006890000,0x0000000006990000)]
  0x0000000005a4a000 JavaThread "C1 CompilerThread1" daemon [_thread_blocked, id=7592, stack(0x0000000006d20000,0x0000000006e20000)]
=>0x0000000005a35000 JavaThread "C2 CompilerThread0" daemon [_thread_in_native, id=6084, stack(0x0000000006c20000,0x0000000006d20000)]
  0x0000000005a30800 JavaThread "Attach Listener" daemon [_thread_blocked, id=5152, stack(0x0000000006aa0000,0x0000000006ba0000)]
  0x0000000005a11000 JavaThread "Signal Dispatcher" daemon [_thread_blocked, id=2276, stack(0x00000000069a0000,0x0000000006aa0000)]
  0x00000000059fe000 JavaThread "Finalizer" daemon [_thread_blocked, id=8132, stack(0x00000000066f0000,0x00000000067f0000)]
  0x00000000059b6800 JavaThread "Reference Handler" daemon [_thread_blocked, id=1432, stack(0x0000000006550000,0x0000000006650000)]

Other Threads:
  0x00000000059ad000 VMThread [stack: 0x0000000006380000,0x0000000006480000] [id=8048]
  0x0000000006e82000 WatcherThread [stack: 0x0000000007400000,0x0000000007500000] [id=6528]

VM state:not at safepoint (normal execution)

VM Mutex/Monitor currently owned by a thread: None

Heap:
 PSYoungGen      total 18944K, used 2294K [0x00000000eb200000, 0x00000000ec700000, 0x0000000100000000)
  eden space 16384K, 14% used [0x00000000eb200000,0x00000000eb43dab0,0x00000000ec200000)
  from space 2560K, 0% used [0x00000000ec480000,0x00000000ec480000,0x00000000ec700000)
  to   space 2560K, 0% used [0x00000000ec200000,0x00000000ec200000,0x00000000ec480000)
 ParOldGen       total 44032K, used 0K [0x00000000c1600000, 0x00000000c4100000, 0x00000000eb200000)
  object space 44032K, 0% used [0x00000000c1600000,0x00000000c1600000,0x00000000c4100000)
 Metaspace       used 3181K, capacity 4564K, committed 4864K, reserved 1056768K
  class space    used 356K, capacity 388K, committed 512K, reserved 1048576K

Card table byte_map: [0x00000000029d0000,0x0000000002bd0000] byte_map_base: 0x00000000023c5000

Marking Bits: (ParMarkBitMap*) 0x000000005f322f70
 Begin Bits: [0x0000000002f30000, 0x0000000003ed8000)
 End Bits:   [0x0000000003ed8000, 0x0000000004e80000)

Polling page: 0x0000000000130000

CodeCache: size=245760Kb used=1143Kb max_used=1155Kb free=244616Kb
 bounds [0x000000000f010000, 0x000000000f280000, 0x000000001e010000]
 total_blobs=287 nmethods=40 adapters=162
 compilation: enabled

Compilation events (10 events):
Event: 5.070 Thread 0x0000000005a4a000 nmethod 35 0x000000000f123410 code [0x000000000f123580, 0x000000000f1238b0]
Event: 5.072 Thread 0x0000000005a4a000   36       3       java.lang.String::startsWith (7 bytes)
Event: 5.072 Thread 0x0000000005a4a000 nmethod 36 0x000000000f1290d0 code [0x000000000f129240, 0x000000000f129448]
Event: 5.073 Thread 0x0000000005a4a000   37       3       java.util.concurrent.ConcurrentHashMap::tabAt (21 bytes)
Event: 5.073 Thread 0x0000000005a4a000 nmethod 37 0x000000000f128910 code [0x000000000f128a60, 0x000000000f128c90]
Event: 5.077 Thread 0x0000000005a4a000   39 % !   3       SocketServer::BuildRoom @ 103 (212 bytes)
Event: 5.081 Thread 0x0000000005a4a000 nmethod 39% 0x000000000f1294d0 code [0x000000000f1299a0, 0x000000000f12ca28]
Event: 5.081 Thread 0x0000000005a35000   40 % !   4       SocketServer::BuildRoom @ 103 (212 bytes)
Event: 5.084 Thread 0x0000000005a35000 nmethod 40% 0x000000000f128450 code [0x000000000f1285a0, 0x000000000f1287d8]
Event: 5.084 Thread 0x0000000005a35000   41   !   4       SocketServer::BuildRoom (212 bytes)

GC Heap History (0 events):
No events

Deoptimization events (0 events):
No events

Internal exceptions (3 events):
Event: 0.047 Thread 0x000000000220d800 Exception <a 'java/lang/NoSuchMethodError': Method sun.misc.Unsafe.defineClass(Ljava/lang/String;[BII)Ljava/lang/Class; name or signature does not match> (0x00000000eb207cc0) thrown at [C:\re\workspace\8-2-build-windows-amd64-cygwin\jdk8u91\6644\hotspot\sr;QŸØ
¨?
Event: 0.047 Thread 0x000000000220d800 Exception <a 'java/lang/NoSuchMethodError': Method sun.misc.Unsafe.prefetchRead(Ljava/lang/Object;J)V name or signature does not match> (0x00000000eb207fa8) thrown at [C:\re\workspace\8-2-build-windows-amd64-cygwin\jdk8u91\6644\hotspot\src\share\vm\prims\jÍªò®ŸM@
Event: 5.076 Thread 0x0000000006ed5800 Exception <a 'java/lang/ArrayIndexOutOfBoundsException'> (0x00000000eb3f2e20) thrown at [C:\re\workspace\8-2-build-windows-amd64-cygwin\jdk8u91\6644\hotspot\src\share\vm\oops\typeArrayKlass.cpp, line 145]

Events (10 events):
Event: 5.069 loading class SendTool
Event: 5.069 loading class SendTool done
Event: 5.072 loading class Room
Event: 5.072 loading class Room done
Event: 5.075 loading class java/lang/ArrayIndexOutOfBoundsException
Event: 5.076 loading class java/lang/IndexOutOfBoundsException
Event: 5.076 loading class java/lang/IndexOutOfBoundsException done
Event: 5.076 loading class java/lang/ArrayIndexOutOfBoundsException done
Event: 5.084 Thread 0x0000000006ed5800 DEOPT PACKING pc=0x000000000f12c411 sp=0x0000000007e3eda0
Event: 5.084 Thread 0x0000000006ed5800 DEOPT UNPACKING pc=0x000000000f05747f sp=0x0000000007e3ec18 mode 0


Dynamic libraries:
0x000000013f5c0000 - 0x000000013f5f7000 	C:\ProgramData\Oracle\Java\javapath\java.exe
0x0000000077900000 - 0x0000000077aaa000 	C:\windows\SYSTEM32\ntdll.dll
0x00000000777e0000 - 0x00000000778ff000 	C:\windows\system32\kernel32.dll
0x000007fefd9f0000 - 0x000007fefda5a000 	C:\windows\system32\KERNELBASE.dll
0x000007fefef80000 - 0x000007feff05b000 	C:\windows\system32\ADVAPI32.dll
0x000007feff6b0000 - 0x000007feff74f000 	C:\windows\system32\msvcrt.dll
0x000007fefdc30000 - 0x000007fefdc4f000 	C:\windows\SYSTEM32\sechost.dll
0x000007fefe0c0000 - 0x000007fefe1ed000 	C:\windows\system32\RPCRT4.dll
0x00000000776e0000 - 0x00000000777da000 	C:\windows\system32\USER32.dll
0x000007fefde40000 - 0x000007fefdea7000 	C:\windows\system32\GDI32.dll
0x000007fefdf60000 - 0x000007fefdf6e000 	C:\windows\system32\LPK.dll
0x000007feff170000 - 0x000007feff23a000 	C:\windows\system32\USP10.dll
0x000007fefc110000 - 0x000007fefc304000 	C:\windows\WinSxS\amd64_microsoft.windows.common-controls_6595b64144ccf1df_6.0.7601.17514_none_fa396087175ac9ac\COMCTL32.dll
0x000007feff620000 - 0x000007feff691000 	C:\windows\system32\SHLWAPI.dll
0x000007fefe090000 - 0x000007fefe0be000 	C:\windows\system32\IMM32.DLL
0x000007feff060000 - 0x000007feff169000 	C:\windows\system32\MSCTF.dll
0x000007fefd820000 - 0x000007fefd851000 	C:\windows\system32\nvinitx.dll
0x000007fefd810000 - 0x000007fefd81c000 	C:\windows\system32\VERSION.dll
0x000000000f000000 - 0x000000000f006000 	C:\Program Files\NVIDIA Corporation\CoProcManager\detoured.dll
0x000007fefb4f0000 - 0x000007fefb521000 	C:\Program Files\NVIDIA Corporation\CoProcManager\nvd3d9wrapx.dll
0x000007feff750000 - 0x000007feff927000 	C:\windows\system32\SETUPAPI.dll
0x000007fefd9b0000 - 0x000007fefd9e6000 	C:\windows\system32\CFGMGR32.dll
0x000007feffb30000 - 0x000007feffc07000 	C:\windows\system32\OLEAUT32.dll
0x000007feff930000 - 0x000007feffb2c000 	C:\windows\system32\ole32.dll
0x000007fefdaa0000 - 0x000007fefdaba000 	C:\windows\system32\DEVOBJ.dll
0x000007fefb4c0000 - 0x000007fefb4e2000 	C:\Program Files\NVIDIA Corporation\CoProcManager\nvdxgiwrapx.dll
0x00000000586d0000 - 0x00000000587a2000 	C:\Program Files\Java\jre1.8.0_91\bin\msvcr100.dll
0x000000005eb10000 - 0x000000005f3a3000 	C:\Program Files\Java\jre1.8.0_91\bin\server\jvm.dll
0x000007feec480000 - 0x000007feec489000 	C:\windows\system32\WSOCK32.dll
0x000007fefdeb0000 - 0x000007fefdefd000 	C:\windows\system32\WS2_32.dll
0x000007feff6a0000 - 0x000007feff6a8000 	C:\windows\system32\NSI.dll
0x000007fefb9d0000 - 0x000007fefba0b000 	C:\windows\system32\WINMM.dll
0x0000000077ac0000 - 0x0000000077ac7000 	C:\windows\system32\PSAPI.DLL
0x0000000073ca0000 - 0x0000000073caf000 	C:\Program Files\Java\jre1.8.0_91\bin\verify.dll
0x0000000073c70000 - 0x0000000073c99000 	C:\Program Files\Java\jre1.8.0_91\bin\java.dll
0x00000000735d0000 - 0x00000000735e6000 	C:\Program Files\Java\jre1.8.0_91\bin\zip.dll
0x000007fefe1f0000 - 0x000007fefef79000 	C:\windows\system32\SHELL32.dll
0x000007fefd860000 - 0x000007fefd86f000 	C:\windows\system32\profapi.dll
0x0000000072730000 - 0x000000007274a000 	C:\Program Files\Java\jre1.8.0_91\bin\net.dll
0x000007fefd040000 - 0x000007fefd095000 	C:\windows\system32\mswsock.dll
0x000007fefd030000 - 0x000007fefd037000 	C:\windows\System32\wship6.dll
0x000007fefb770000 - 0x000007fefb785000 	C:\windows\system32\NLAapi.dll
0x000007fef5310000 - 0x000007fef5325000 	C:\windows\system32\napinsp.dll
0x000007fef52f0000 - 0x000007fef5309000 	C:\windows\system32\pnrpnsp.dll
0x000007fefcec0000 - 0x000007fefcf1b000 	C:\windows\system32\DNSAPI.dll
0x000007fef52e0000 - 0x000007fef52eb000 	C:\windows\System32\winrnr.dll
0x000007fef52d0000 - 0x000007fef52e0000 	C:\windows\system32\wshbth.dll
0x000000006de70000 - 0x000000006de9e000 	C:\Program Files\Common Files\Microsoft Shared\Windows Live\WLIDNSP.DLL
0x000007fefc8c0000 - 0x000007fefc8c7000 	C:\windows\System32\wshtcpip.dll
0x000007fefb480000 - 0x000007fefb4a7000 	C:\windows\system32\IPHLPAPI.DLL
0x000007fefb470000 - 0x000007fefb47b000 	C:\windows\system32\WINNSI.DLL
0x000007fef73b0000 - 0x000007fef73b8000 	C:\windows\system32\rasadhlp.dll
0x000007fefb310000 - 0x000007fefb363000 	C:\windows\System32\fwpuclnt.dll
0x000007feeb960000 - 0x000007feeba85000 	C:\windows\system32\dbghelp.dll

VM Arguments:
java_command: Server.jar
java_class_path (initial): Server.jar
Launcher Type: SUN_STANDARD

Environment Variables:
JAVA_HOME=C:\Java\jdk1.8.0_91
PATH=C:\ProgramData\Oracle\Java\javapath;C:\Program Files\Common Files\Microsoft Shared\Windows Live;C:\windows\system32;C:\windows;C:\windows\System32\Wbem;C:\windows\System32\WindowsPowerShell\v1.0\;C:\Program Files (x86)\NVIDIA Corporation\PhysX\Common\;C:\Java\jdk1.8.0_91\bin;C:\pp\Python35-32;C:\Program Files (x86)\GtkSharp\2.12\bin;C:\Program Files\Microsoft SQL Server\130\Tools\Binn\;C:\Program Files\Common Files\Autodesk Shared\;C:\Program Files\Git\cmd;C:\Program Files\MySQL\MySQL Utilities 1.6\;C:\Users\dell\AppData\Local\Programs\Python\Python35-32\Scripts\;C:\Users\dell\AppData\Local\Programs\Python\Python35-32\;C:\Program Files\Common Files\Microsoft Shared\Windows Live
USERNAME=dell
OS=Windows_NT
PROCESSOR_IDENTIFIER=Intel64 Family 6 Model 61 Stepping 4, GenuineIntel



---------------  S Y S T E M  ---------------

OS: Windows 7 , 64 bit Build 7601 (6.1.7601.23714)

CPU:total 2 (2 cores per cpu, 1 threads per core) family 6 model 61 stepping 4, cmov, cx8, fxsr, mmx, sse, sse2, sse3, ssse3, sse4.1, sse4.2, popcnt, clmul, erms, 3dnowpref, lzcnt, tsc, tscinvbit

Memory: 4k page, physical 4103780k(1650904k free), swap 8205700k(5099708k free)

vm_info: Java HotSpot(TM) 64-Bit Server VM (25.91-b14) for windows-amd64 JRE (1.8.0_91-b14), built on Apr  1 2016 00:58:32 by "java_re" with MS VC++ 10.0 (VS2010)

time: Tue Jul 03 11:20:05 2018
elapsed time: 5 seconds (0d 0h 0m 5s)

